2025-04-15 11:12:44,236 - INFO - __main__ - Starting training for task: ACTUAL_LIE
2025-04-15 11:12:44,592 - INFO - __main__ - Preparing samples for task: ACTUAL_LIE
2025-04-15 11:12:44,669 - INFO - __main__ - Cached samples saved to data_cache/ACTUAL_LIE_samples.pt
2025-04-15 11:12:44,669 - INFO - __main__ - Loading cached samples from data_cache/ACTUAL_LIE_samples.pt
2025-04-15 11:12:44,869 - INFO - __main__ - Loading cached samples from data_cache/ACTUAL_LIE_samples.pt
2025-04-15 11:12:51,183 - INFO - __main__ - 
Epoch 1/10
2025-04-15 11:14:49,471 - INFO - __main__ - Train Loss: 0.1783, Acc: 0.9549
2025-04-15 11:14:49,471 - INFO - __main__ - Val Loss: 0.1619, Acc: 0.9564, F1: 0.0000
2025-04-15 11:14:51,311 - INFO - __main__ - Saved checkpoint for epoch 1
2025-04-15 11:14:51,311 - INFO - __main__ - 
Epoch 2/10
2025-04-15 11:16:49,746 - INFO - __main__ - Train Loss: 0.1660, Acc: 0.9564
2025-04-15 11:16:49,746 - INFO - __main__ - Val Loss: 0.1632, Acc: 0.9566, F1: 0.0073
2025-04-15 11:16:50,367 - INFO - __main__ - Saved new best model
2025-04-15 11:16:53,886 - INFO - __main__ - Saved checkpoint for epoch 2
2025-04-15 11:16:53,886 - INFO - __main__ - 
Epoch 3/10
2025-04-15 11:18:52,570 - INFO - __main__ - Train Loss: 0.1402, Acc: 0.9585
2025-04-15 11:18:52,570 - INFO - __main__ - Val Loss: 0.0932, Acc: 0.9697, F1: 0.4774
2025-04-15 11:18:53,699 - INFO - __main__ - Saved new best model
2025-04-15 11:18:58,194 - INFO - __main__ - Saved checkpoint for epoch 3
2025-04-15 11:18:58,195 - INFO - __main__ - 
Epoch 4/10
2025-04-15 11:20:57,016 - INFO - __main__ - Train Loss: 0.0925, Acc: 0.9706
2025-04-15 11:20:57,017 - INFO - __main__ - Val Loss: 0.0418, Acc: 0.9901, F1: 0.8865
2025-04-15 11:20:58,027 - INFO - __main__ - Saved new best model
2025-04-15 11:21:02,714 - INFO - __main__ - Saved checkpoint for epoch 4
2025-04-15 11:21:02,714 - INFO - __main__ - 
Epoch 5/10
2025-04-15 11:23:00,986 - INFO - __main__ - Train Loss: 0.0544, Acc: 0.9830
2025-04-15 11:23:00,986 - INFO - __main__ - Val Loss: 0.0247, Acc: 0.9936, F1: 0.9292
2025-04-15 11:23:02,001 - INFO - __main__ - Saved new best model
2025-04-15 11:23:06,663 - INFO - __main__ - Saved checkpoint for epoch 5
2025-04-15 11:23:06,664 - INFO - __main__ - 
Epoch 6/10
2025-04-15 11:25:05,124 - INFO - __main__ - Train Loss: 0.0275, Acc: 0.9921
2025-04-15 11:25:05,124 - INFO - __main__ - Val Loss: 0.0098, Acc: 0.9981, F1: 0.9779
2025-04-15 11:25:06,269 - INFO - __main__ - Saved new best model
2025-04-15 11:25:10,858 - INFO - __main__ - Saved checkpoint for epoch 6
2025-04-15 11:25:10,858 - INFO - __main__ - 
Epoch 7/10
2025-04-15 11:27:08,923 - INFO - __main__ - Train Loss: 0.0177, Acc: 0.9947
2025-04-15 11:27:08,923 - INFO - __main__ - Val Loss: 0.0057, Acc: 0.9990, F1: 0.9882
2025-04-15 11:27:10,005 - INFO - __main__ - Saved new best model
2025-04-15 11:27:14,637 - INFO - __main__ - Saved checkpoint for epoch 7
2025-04-15 11:27:14,637 - INFO - __main__ - 
Epoch 8/10
2025-04-15 11:29:13,793 - INFO - __main__ - Train Loss: 0.0101, Acc: 0.9975
2025-04-15 11:29:13,793 - INFO - __main__ - Val Loss: 0.0059, Acc: 0.9984, F1: 0.9820
2025-04-15 11:29:15,556 - INFO - __main__ - Saved checkpoint for epoch 8
2025-04-15 11:29:15,556 - INFO - __main__ - 
Epoch 9/10
2025-04-15 11:43:54,204 - INFO - __main__ - Starting training for task: ACTUAL_LIE
2025-04-15 11:43:54,535 - INFO - __main__ - Loading cached samples from data_cache/ACTUAL_LIE_samples.pt
2025-04-15 11:43:54,588 - INFO - __main__ - Loading cached samples from data_cache/ACTUAL_LIE_samples.pt
2025-04-15 11:43:54,776 - INFO - __main__ - Loading cached samples from data_cache/ACTUAL_LIE_samples.pt
2025-04-15 11:43:59,897 - INFO - __main__ - 
Epoch 1/10
2025-04-15 11:45:58,793 - INFO - __main__ - Train Loss: 0.1783, Acc: 0.9549
2025-04-15 11:45:58,793 - INFO - __main__ - Val Loss: 0.1619, Acc: 0.9564, F1: 0.0000
2025-04-15 11:46:01,752 - INFO - __main__ - Saved checkpoint for epoch 1
2025-04-15 11:46:01,752 - INFO - __main__ - 
Epoch 2/10
2025-04-15 11:48:00,412 - INFO - __main__ - Train Loss: 0.1660, Acc: 0.9564
2025-04-15 11:48:00,412 - INFO - __main__ - Val Loss: 0.1632, Acc: 0.9566, F1: 0.0073
2025-04-15 11:48:01,501 - INFO - __main__ - Saved new best model
2025-04-15 11:48:07,237 - INFO - __main__ - Saved checkpoint for epoch 2
2025-04-15 11:48:07,238 - INFO - __main__ - 
Epoch 3/10
2025-04-15 11:50:06,374 - INFO - __main__ - Train Loss: 0.1402, Acc: 0.9585
2025-04-15 11:50:06,375 - INFO - __main__ - Val Loss: 0.0932, Acc: 0.9697, F1: 0.4774
2025-04-15 11:50:07,365 - INFO - __main__ - Saved new best model
2025-04-15 11:50:12,982 - INFO - __main__ - Saved checkpoint for epoch 3
2025-04-15 11:50:12,983 - INFO - __main__ - 
Epoch 4/10
2025-04-15 11:52:12,594 - INFO - __main__ - Train Loss: 0.0925, Acc: 0.9706
2025-04-15 11:52:12,595 - INFO - __main__ - Val Loss: 0.0418, Acc: 0.9901, F1: 0.8865
2025-04-15 11:52:13,554 - INFO - __main__ - Saved new best model
2025-04-15 11:52:19,348 - INFO - __main__ - Saved checkpoint for epoch 4
2025-04-15 11:52:19,349 - INFO - __main__ - 
Epoch 5/10
2025-04-15 11:54:18,336 - INFO - __main__ - Train Loss: 0.0544, Acc: 0.9830
2025-04-15 11:54:18,336 - INFO - __main__ - Val Loss: 0.0247, Acc: 0.9936, F1: 0.9292
2025-04-15 11:54:19,337 - INFO - __main__ - Saved new best model
2025-04-15 11:54:25,230 - INFO - __main__ - Saved checkpoint for epoch 5
2025-04-15 11:54:25,231 - INFO - __main__ - 
Epoch 6/10
2025-04-15 11:56:24,387 - INFO - __main__ - Train Loss: 0.0275, Acc: 0.9921
2025-04-15 11:56:24,387 - INFO - __main__ - Val Loss: 0.0098, Acc: 0.9981, F1: 0.9779
2025-04-15 11:56:25,481 - INFO - __main__ - Saved new best model
2025-04-15 11:56:31,406 - INFO - __main__ - Saved checkpoint for epoch 6
2025-04-15 11:56:31,406 - INFO - __main__ - 
Epoch 7/10
2025-04-15 11:58:30,406 - INFO - __main__ - Train Loss: 0.0177, Acc: 0.9947
2025-04-15 11:58:30,406 - INFO - __main__ - Val Loss: 0.0057, Acc: 0.9990, F1: 0.9882
2025-04-15 11:58:31,438 - INFO - __main__ - Saved new best model
2025-04-15 11:58:37,244 - INFO - __main__ - Saved checkpoint for epoch 7
2025-04-15 11:58:37,245 - INFO - __main__ - 
Epoch 8/10
2025-04-15 12:00:37,307 - INFO - __main__ - Train Loss: 0.0101, Acc: 0.9975
2025-04-15 12:00:37,307 - INFO - __main__ - Val Loss: 0.0059, Acc: 0.9984, F1: 0.9820
2025-04-15 12:00:40,328 - INFO - __main__ - Saved checkpoint for epoch 8
2025-04-15 12:00:40,328 - INFO - __main__ - 
Epoch 9/10
2025-04-15 12:02:38,719 - INFO - __main__ - Train Loss: 0.0154, Acc: 0.9955
2025-04-15 12:02:38,720 - INFO - __main__ - Val Loss: 0.0081, Acc: 0.9975, F1: 0.9724
2025-04-15 12:02:40,507 - INFO - __main__ - Saved checkpoint for epoch 9
2025-04-15 12:02:40,508 - INFO - __main__ - 
Epoch 10/10
2025-04-15 12:04:39,759 - INFO - __main__ - Train Loss: 0.0084, Acc: 0.9975
2025-04-15 12:04:39,760 - INFO - __main__ - Val Loss: 0.0042, Acc: 0.9990, F1: 0.9882
2025-04-15 12:04:39,760 - INFO - __main__ - No improvement for 3 epochs, stopping early
2025-04-15 12:05:39,007 - INFO - __main__ - 
TEST RESULTS (ACTUAL_LIE):
2025-04-15 12:05:39,007 - INFO - __main__ - Accuracy: 0.9990
2025-04-15 12:05:39,007 - INFO - __main__ - F1 Score: 0.9882
2025-04-15 12:05:39,007 - INFO - __main__ - Precision: 0.9855
2025-04-15 12:05:39,007 - INFO - __main__ - Recall: 0.9909
2025-04-15 12:05:39,008 - INFO - __main__ - Confusion Matrix:
[[12034     8]
 [    5   544]]
2025-04-15 12:07:58,229 - INFO - __main__ - Running inference for all messages
2025-04-15 12:08:04,417 - INFO - __main__ - Loading cached samples from data_cache/ACTUAL_LIE_samples.pt
2025-04-15 12:09:35,335 - INFO - __main__ - Running inference for all messages
2025-04-15 12:09:41,620 - INFO - __main__ - Loading cached samples from data_cache/ACTUAL_LIE_samples.pt
2025-04-15 12:11:27,401 - INFO - __main__ - Running inference for deceptive messages
2025-04-15 12:11:34,363 - INFO - __main__ - Loading cached samples from data_cache/ACTUAL_LIE_samples.pt
2025-04-15 12:12:21,285 - INFO - __main__ - Running inference for truthful messages
2025-04-15 12:12:28,418 - INFO - __main__ - Loading cached samples from data_cache/ACTUAL_LIE_samples.pt
